<?xml version="1.0" encoding="UTF-8"?>
<testng-results ignored="0" total="1" passed="1" failed="0" skipped="0">
  <reporter-output>
  </reporter-output>
  <suite started-at="2023-09-14T20:47:30 PDT" name="retrieveDataFromUI" finished-at="2023-09-14T20:48:47 PDT" duration-ms="76977">
    <groups>
    </groups>
    <test started-at="2023-09-14T20:47:30 PDT" name="retrieveDataFromUITest" finished-at="2023-09-14T20:48:47 PDT" duration-ms="76977">
      <class name="org.example.retrieveDataFromUI">
        <test-method is-config="true" signature="setUp()[pri:0, instance:org.example.retrieveDataFromUI@12d4bf7e]" started-at="2023-09-14T20:47:30 PDT" name="setUp" finished-at="2023-09-14T20:47:38 PDT" duration-ms="8177" status="PASS">
          <reporter-output>
          </reporter-output>
        </test-method> <!-- setUp -->
        <test-method signature="testWebApplication()[pri:0, instance:org.example.retrieveDataFromUI@12d4bf7e]" started-at="2023-09-14T20:47:38 PDT" name="testWebApplication" finished-at="2023-09-14T20:48:46 PDT" duration-ms="68585" status="PASS">
          <reporter-output>
          </reporter-output>
        </test-method> <!-- testWebApplication -->
        <test-method is-config="true" signature="tearDown()[pri:0, instance:org.example.retrieveDataFromUI@12d4bf7e]" started-at="2023-09-14T20:48:46 PDT" name="tearDown" finished-at="2023-09-14T20:48:47 PDT" duration-ms="133" status="PASS">
          <reporter-output>
          </reporter-output>
        </test-method> <!-- tearDown -->
      </class> <!-- org.example.retrieveDataFromUI -->
    </test> <!-- retrieveDataFromUITest -->
  </suite> <!-- retrieveDataFromUI -->
</testng-results>
